
<?xml version="1.0" encoding="UTF-8"?>
<rss xmlns:atom="http://www.w3.org/2005/Atom" xmlns:content="http://purl.org/rss/1.0/modules/content/" version="2.0">
  <channel>
    <title>Empty Feed</title>
    <description>
      <![CDATA[
        This is a test RSS feed with no items and no iTunes fields.
      ]]>
    </description>
    <managingEditor>
      hello@deepilla.com (deepilla)
    </managingEditor>
    <copyright>Â© 2017 A Deepilla Jawn</copyright>
    <atom:link href="http://deepilla.com/feeds/test-feed-empty.xml" rel="self" type="application/rss+xml"/>
    <link>http://deepilla.com</link>
    <language>en</language>
    <image>
      <url>
        http://deepilla.com/assets/img/artwork.jpg
      </url>
      <link>http://deepilla.com</link>
      <title>Empty Feed</title>
    </image>
  </channel>
</rss>
